<?xml version="1.0" encoding="UTF-8"?>
<!-- Generated by org.testng.reporters.JUnitReportReporter -->
<testsuite skipped="0" hostname="DESKTOP-4ABN42I" name="testNG.Admin" tests="1" failures="0" timestamp="25 Jul 2019 08:27:55 GMT" time="19.019" errors="0">
  <testcase name="TC_004" time="19.019" classname="testNG.Admin"/>
</testsuite> <!-- testNG.Admin -->
