<?xml version="1.0" encoding="UTF-8"?>
<!-- Generated by org.testng.reporters.JUnitReportReporter -->
<testsuite skipped="0" hostname="DESKTOP-4ABN42I" name="testNG.LoginPageTestCases" tests="1" failures="0" timestamp="26 Jul 2019 08:15:57 GMT" time="44.634" errors="0">
  <testcase name="TestCase1" time="44.634" classname="testNG.LoginPageTestCases"/>
</testsuite> <!-- testNG.LoginPageTestCases -->
