<?xml version="1.0" encoding="UTF-8"?>
<!-- Generated by org.testng.reporters.JUnitReportReporter -->
<testsuite skipped="0" hostname="DESKTOP-4ABN42I" name="testNG.LoginPage" tests="2" failures="0" timestamp="25 Jul 2019 08:27:55 GMT" time="36.650" errors="0">
  <testcase name="testcase1" time="15.658" classname="testNG.LoginPage"/>
  <testcase name="testcase2" time="20.992" classname="testNG.LoginPage"/>
</testsuite> <!-- testNG.LoginPage -->
